0 info it worked if it ends with ok
1 verbose cli [ 'C:\\Program Files\\nodejs\\node.exe',
1 verbose cli   'C:\\Program Files\\nodejs\\node_modules\\npm\\bin\\npm-cli.js',
1 verbose cli   'start' ]
2 info using npm@3.3.12
3 info using node@v5.4.0
4 verbose run-script [ 'prestart', 'start', 'poststart' ]
5 info lifecycle precios@1.0.0~prestart: precios@1.0.0
6 silly lifecycle precios@1.0.0~prestart: no script for prestart, continuing
7 info lifecycle precios@1.0.0~start: precios@1.0.0
8 verbose lifecycle precios@1.0.0~start: unsafe-perm in lifecycle true
9 verbose lifecycle precios@1.0.0~start: PATH: C:\Program Files\nodejs\node_modules\npm\bin\node-gyp-bin;C:\Users\juanmiguel.gimenez\Dropbox\Proyectos\BrokerItConic\workspace\hicloud\precios\precios\node_modules\.bin;C:\windows\system32;C:\windows;C:\windows\System32\Wbem;C:\windows\System32\WindowsPowerShell\v1.0\;C:\Program Files (x86)\QT Lite\QTSystem;C:\Program Files (x86)\WebEx\Productivity Tools;C:\Program Files\nodejs\;C:\Program Files\Docker Toolbox;C:\Users\juanmiguel.gimenez\AppData\Roaming\npm
10 verbose lifecycle precios@1.0.0~start: CWD: C:\Users\juanmiguel.gimenez\Dropbox\Proyectos\BrokerItConic\workspace\hicloud\precios\precios
11 silly lifecycle precios@1.0.0~start: Args: [ '/d /s /c', 'node ./src/precios.js' ]
12 silly lifecycle precios@1.0.0~start: Returned: code: 1  signal: null
13 info lifecycle precios@1.0.0~start: Failed to exec start script
14 verbose stack Error: precios@1.0.0 start: `node ./src/precios.js`
14 verbose stack Exit status 1
14 verbose stack     at EventEmitter.<anonymous> (C:\Program Files\nodejs\node_modules\npm\lib\utils\lifecycle.js:232:16)
14 verbose stack     at emitTwo (events.js:87:13)
14 verbose stack     at EventEmitter.emit (events.js:172:7)
14 verbose stack     at ChildProcess.<anonymous> (C:\Program Files\nodejs\node_modules\npm\lib\utils\spawn.js:24:14)
14 verbose stack     at emitTwo (events.js:87:13)
14 verbose stack     at ChildProcess.emit (events.js:172:7)
14 verbose stack     at maybeClose (internal/child_process.js:821:16)
14 verbose stack     at Process.ChildProcess._handle.onexit (internal/child_process.js:211:5)
15 verbose pkgid precios@1.0.0
16 verbose cwd C:\Users\juanmiguel.gimenez\Dropbox\Proyectos\BrokerItConic\workspace\hicloud\precios\precios
17 error Windows_NT 6.1.7601
18 error argv "C:\\Program Files\\nodejs\\node.exe" "C:\\Program Files\\nodejs\\node_modules\\npm\\bin\\npm-cli.js" "start"
19 error node v5.4.0
20 error npm  v3.3.12
21 error code ELIFECYCLE
22 error precios@1.0.0 start: `node ./src/precios.js`
22 error Exit status 1
23 error Failed at the precios@1.0.0 start script 'node ./src/precios.js'.
23 error Make sure you have the latest version of node.js and npm installed.
23 error If you do, this is most likely a problem with the precios package,
23 error not with npm itself.
23 error Tell the author that this fails on your system:
23 error     node ./src/precios.js
23 error You can get their info via:
23 error     npm owner ls precios
23 error There is likely additional logging output above.
24 verbose exit [ 1, true ]
